<?xml version="1.0" encoding="UTF-8" ?>
<Items>
	<PluginsList>
		<Plugin>
			<name>UIManual</name>
			<path>DocGraphic</path>
		</Plugin>
	</PluginsList>
	<simulation>
		<timestep>0.2</timestep>
		<Date.start>2022-01-19</Date.start>
		<Date.format>dd-MM-yyyy</Date.format>
		<Time.start>02:15:00</Time.start>
		<Time.format>hh.mm.ss</Time.format>
		<perfMeter>true</perfMeter>
		<publishparam>true</publishparam>
		<snapshotparam>true</snapshotparam>
		<speedfactor>0.1</speedfactor>
	</simulation>
	<sequences>
		<sequence>
			<name>Principale</name>
			<models>
				<node>
					<SubSequences>
						<SubSequence>
							<name>subSeq1</name>
							<models>
								<model>
									<name>Producer</name>
									<type>manual</type>
									<module>ModuleTEST</module>
									<vectornumber>10</vectornumber>
								</model>
							</models>
						</SubSequence>
						<SubSequence>
							<name>subSeq2</name>
							<models>
								<model>
									<name>ProducerFMI</name>
									<type>manual</type>
									<module>ModuleFMI</module>
								</model>
							</models>
						</SubSequence>
					</SubSequences>
				</node>
				<model>
					<name>Logic-out</name>
					<type>visual</type>
					<module>ModuleLogic</module>
					<document>DocLogic/ControlT.qml</document>
				</model>
				<model>
					<name>Logic-in</name>
					<type>visual</type>
					<module>ModuleLogic</module>
					<document>DocLogic/ControlT-in.qml</document>
				</model>
				<model>
					<name>Graphic</name>
					<type>visual</type>
					<module>ModuleGraphic</module>
					<document>DocGraphic/UIGraphic.qml</document>
				</model>
				<model>
					<name>TuningFMU</name>
					<type>fmu</type>
					<path>Fmu/ConsoTiTi.fmu</path>
					<prefixinput>true</prefixinput>
					<prefixoutput>true</prefixoutput>
				</model>
			</models>
		</sequence>
	</sequences>
</Items>
